<?xml version="1.0" encoding="UTF-8"?>
<testng-results ignored="0" total="2" passed="2" failed="0" skipped="0">
  <reporter-output>
  </reporter-output>
  <suite started-at="2018-04-24T12:17:53Z" name="Surefire suite" finished-at="2018-04-24T12:18:23Z" duration-ms="29317">
    <groups>
    </groups>
    <test started-at="2018-04-24T12:17:53Z" name="Surefire test" finished-at="2018-04-24T12:18:23Z" duration-ms="29317">
      <class name="runner.TestRunner">
        <test-method is-config="true" signature="setUpClass()[pri:0, instance:runner.TestRunner@57a3af25]" started-at="2018-04-24T12:17:53Z" name="setUpClass" finished-at="2018-04-24T12:17:54Z" duration-ms="323" status="PASS">
          <reporter-output>
          </reporter-output>
        </test-method> <!-- setUpClass -->
        <test-method signature="runTests(cucumber.api.testng.CucumberFeatureWrapper)[pri:0, instance:runner.TestRunner@57a3af25]" started-at="2018-04-24T12:17:54Z" name="runTests" data-provider="features" finished-at="2018-04-24T12:18:22Z" duration-ms="28752" status="PASS">
          <params>
            <param index="0">
              <value>
                <![CDATA[Employee]]>
              </value>
            </param>
          </params>
          <reporter-output>
          </reporter-output>
        </test-method> <!-- runTests -->
        <test-method signature="runTests(cucumber.api.testng.CucumberFeatureWrapper)[pri:0, instance:runner.TestRunner@57a3af25]" started-at="2018-04-24T12:18:22Z" name="runTests" data-provider="features" finished-at="2018-04-24T12:18:22Z" duration-ms="1" status="PASS">
          <params>
            <param index="0">
              <value>
                <![CDATA[LoginFeature]]>
              </value>
            </param>
          </params>
          <reporter-output>
          </reporter-output>
        </test-method> <!-- runTests -->
        <test-method is-config="true" signature="afterClass()[pri:0, instance:runner.TestRunner@57a3af25]" started-at="2018-04-24T12:18:22Z" name="afterClass" finished-at="2018-04-24T12:18:23Z" duration-ms="108" status="PASS">
          <reporter-output>
          </reporter-output>
        </test-method> <!-- afterClass -->
      </class> <!-- runner.TestRunner -->
    </test> <!-- Surefire test -->
  </suite> <!-- Surefire suite -->
</testng-results>
